2020-07-07 18:32:20.154 WARN  [background-preinit] [o.s.h.c.j.Jackson2ObjectMapperBuilder] [] [] [] [] [] [] [] [spring.domain.name_IS_UNDEFINED,spring.application.name_IS_UNDEFINED,,,,,] - For Jackson Kotlin classes support please add "com.fasterxml.jackson.module:jackson-module-kotlin" to the classpath 
2020-07-07 18:32:20.275 ERROR [main] [o.s.boot.SpringApplication] [] [] [] [] [] [] [] [spring.domain.name_IS_UNDEFINED,spring.application.name_IS_UNDEFINED,,,,,] - Application run failed java.lang.IllegalStateException: java.lang.IllegalStateException: Logback configuration error detected: 
ERROR in ch.qos.logback.core.joran.spi.Interpreter@5:92 - RuntimeException in Action for tag [springProperty] java.lang.IllegalArgumentException: Could not resolve placeholder 'env' in value "${env}"
ERROR in ch.qos.logback.core.joran.spi.Interpreter@6:102 - RuntimeException in Action for tag [springProperty] java.lang.IllegalArgumentException: Could not resolve placeholder 'code' in value "${code}"
	at org.springframework.boot.context.logging.LoggingApplicationListener.initializeSystem(LoggingApplicationListener.java:304)
	at org.springframework.boot.context.logging.LoggingApplicationListener.initialize(LoggingApplicationListener.java:265)
	at org.springframework.boot.context.logging.LoggingApplicationListener.onApplicationEnvironmentPreparedEvent(LoggingApplicationListener.java:228)
	at org.springframework.boot.context.logging.LoggingApplicationListener.onApplicationEvent(LoggingApplicationListener.java:201)
	at org.springframework.context.event.SimpleApplicationEventMulticaster.doInvokeListener(SimpleApplicationEventMulticaster.java:172)
	at org.springframework.context.event.SimpleApplicationEventMulticaster.invokeListener(SimpleApplicationEventMulticaster.java:165)
	at org.springframework.context.event.SimpleApplicationEventMulticaster.multicastEvent(SimpleApplicationEventMulticaster.java:139)
	at org.springframework.context.event.SimpleApplicationEventMulticaster.multicastEvent(SimpleApplicationEventMulticaster.java:127)
	at org.springframework.boot.context.event.EventPublishingRunListener.environmentPrepared(EventPublishingRunListener.java:75)
	at org.springframework.boot.SpringApplicationRunListeners.environmentPrepared(SpringApplicationRunListeners.java:54)
	at org.springframework.boot.SpringApplication.prepareEnvironment(SpringApplication.java:347)
	at org.springframework.boot.SpringApplication.run(SpringApplication.java:306)
	at org.springframework.boot.SpringApplication.run(SpringApplication.java:1260)
	at org.springframework.boot.SpringApplication.run(SpringApplication.java:1248)
	at com.yonyou.ucf.mdf.MDFApplication.main(MDFApplication.java:44)
	at sun.reflect.NativeMethodAccessorImpl.invoke0(Native Method)
	at sun.reflect.NativeMethodAccessorImpl.invoke(NativeMethodAccessorImpl.java:62)
	at sun.reflect.DelegatingMethodAccessorImpl.invoke(DelegatingMethodAccessorImpl.java:43)
	at java.lang.reflect.Method.invoke(Method.java:498)
	at com.intellij.rt.execution.CommandLineWrapper.main(CommandLineWrapper.java:66)
Caused by: java.lang.IllegalStateException: Logback configuration error detected: 
ERROR in ch.qos.logback.core.joran.spi.Interpreter@5:92 - RuntimeException in Action for tag [springProperty] java.lang.IllegalArgumentException: Could not resolve placeholder 'env' in value "${env}"
ERROR in ch.qos.logback.core.joran.spi.Interpreter@6:102 - RuntimeException in Action for tag [springProperty] java.lang.IllegalArgumentException: Could not resolve placeholder 'code' in value "${code}"
	at org.springframework.boot.logging.logback.LogbackLoggingSystem.loadConfiguration(LogbackLoggingSystem.java:169)
	at org.springframework.boot.logging.AbstractLoggingSystem.initializeWithSpecificConfig(AbstractLoggingSystem.java:67)
	at org.springframework.boot.logging.AbstractLoggingSystem.initialize(AbstractLoggingSystem.java:57)
	at org.springframework.boot.logging.logback.LogbackLoggingSystem.initialize(LogbackLoggingSystem.java:117)
	at org.springframework.boot.context.logging.LoggingApplicationListener.initializeSystem(LoggingApplicationListener.java:297)
	... 19 common frames omitted

2020-07-07 18:33:32.277 WARN  [background-preinit] [o.s.h.c.j.Jackson2ObjectMapperBuilder] [] [] [] [] [] [] [] [spring.domain.name_IS_UNDEFINED,spring.application.name_IS_UNDEFINED,,,,,] - For Jackson Kotlin classes support please add "com.fasterxml.jackson.module:jackson-module-kotlin" to the classpath 
2020-07-07 18:33:32.390 ERROR [main] [o.s.boot.SpringApplication] [] [] [] [] [] [] [] [spring.domain.name_IS_UNDEFINED,spring.application.name_IS_UNDEFINED,,,,,] - Application run failed java.lang.IllegalStateException: java.lang.IllegalStateException: Logback configuration error detected: 
ERROR in ch.qos.logback.core.joran.spi.Interpreter@5:92 - RuntimeException in Action for tag [springProperty] java.lang.IllegalArgumentException: Could not resolve placeholder 'env' in value "${env}"
ERROR in ch.qos.logback.core.joran.spi.Interpreter@6:102 - RuntimeException in Action for tag [springProperty] java.lang.IllegalArgumentException: Could not resolve placeholder 'code' in value "${code}"
	at org.springframework.boot.context.logging.LoggingApplicationListener.initializeSystem(LoggingApplicationListener.java:304)
	at org.springframework.boot.context.logging.LoggingApplicationListener.initialize(LoggingApplicationListener.java:265)
	at org.springframework.boot.context.logging.LoggingApplicationListener.onApplicationEnvironmentPreparedEvent(LoggingApplicationListener.java:228)
	at org.springframework.boot.context.logging.LoggingApplicationListener.onApplicationEvent(LoggingApplicationListener.java:201)
	at org.springframework.context.event.SimpleApplicationEventMulticaster.doInvokeListener(SimpleApplicationEventMulticaster.java:172)
	at org.springframework.context.event.SimpleApplicationEventMulticaster.invokeListener(SimpleApplicationEventMulticaster.java:165)
	at org.springframework.context.event.SimpleApplicationEventMulticaster.multicastEvent(SimpleApplicationEventMulticaster.java:139)
	at org.springframework.context.event.SimpleApplicationEventMulticaster.multicastEvent(SimpleApplicationEventMulticaster.java:127)
	at org.springframework.boot.context.event.EventPublishingRunListener.environmentPrepared(EventPublishingRunListener.java:75)
	at org.springframework.boot.SpringApplicationRunListeners.environmentPrepared(SpringApplicationRunListeners.java:54)
	at org.springframework.boot.SpringApplication.prepareEnvironment(SpringApplication.java:347)
	at org.springframework.boot.SpringApplication.run(SpringApplication.java:306)
	at org.springframework.boot.SpringApplication.run(SpringApplication.java:1260)
	at org.springframework.boot.SpringApplication.run(SpringApplication.java:1248)
	at com.yonyou.ucf.mdf.MDFApplication.main(MDFApplication.java:44)
	at sun.reflect.NativeMethodAccessorImpl.invoke0(Native Method)
	at sun.reflect.NativeMethodAccessorImpl.invoke(NativeMethodAccessorImpl.java:62)
	at sun.reflect.DelegatingMethodAccessorImpl.invoke(DelegatingMethodAccessorImpl.java:43)
	at java.lang.reflect.Method.invoke(Method.java:498)
	at com.intellij.rt.execution.CommandLineWrapper.main(CommandLineWrapper.java:66)
Caused by: java.lang.IllegalStateException: Logback configuration error detected: 
ERROR in ch.qos.logback.core.joran.spi.Interpreter@5:92 - RuntimeException in Action for tag [springProperty] java.lang.IllegalArgumentException: Could not resolve placeholder 'env' in value "${env}"
ERROR in ch.qos.logback.core.joran.spi.Interpreter@6:102 - RuntimeException in Action for tag [springProperty] java.lang.IllegalArgumentException: Could not resolve placeholder 'code' in value "${code}"
	at org.springframework.boot.logging.logback.LogbackLoggingSystem.loadConfiguration(LogbackLoggingSystem.java:169)
	at org.springframework.boot.logging.AbstractLoggingSystem.initializeWithSpecificConfig(AbstractLoggingSystem.java:67)
	at org.springframework.boot.logging.AbstractLoggingSystem.initialize(AbstractLoggingSystem.java:57)
	at org.springframework.boot.logging.logback.LogbackLoggingSystem.initialize(LogbackLoggingSystem.java:117)
	at org.springframework.boot.context.logging.LoggingApplicationListener.initializeSystem(LoggingApplicationListener.java:297)
	... 19 common frames omitted

2020-07-07 18:34:41.000 WARN  [background-preinit] [o.s.h.c.j.Jackson2ObjectMapperBuilder] [] [] [] [] [] [] [] [spring.domain.name_IS_UNDEFINED,spring.application.name_IS_UNDEFINED,,,,,] - For Jackson Kotlin classes support please add "com.fasterxml.jackson.module:jackson-module-kotlin" to the classpath 
2020-07-07 18:34:41.117 ERROR [main] [o.s.boot.SpringApplication] [] [] [] [] [] [] [] [spring.domain.name_IS_UNDEFINED,spring.application.name_IS_UNDEFINED,,,,,] - Application run failed java.lang.IllegalStateException: java.lang.IllegalStateException: Logback configuration error detected: 
ERROR in ch.qos.logback.core.joran.spi.Interpreter@5:92 - RuntimeException in Action for tag [springProperty] java.lang.IllegalArgumentException: Could not resolve placeholder 'env' in value "${env}"
ERROR in ch.qos.logback.core.joran.spi.Interpreter@6:102 - RuntimeException in Action for tag [springProperty] java.lang.IllegalArgumentException: Could not resolve placeholder 'code' in value "${code}"
	at org.springframework.boot.context.logging.LoggingApplicationListener.initializeSystem(LoggingApplicationListener.java:304)
	at org.springframework.boot.context.logging.LoggingApplicationListener.initialize(LoggingApplicationListener.java:265)
	at org.springframework.boot.context.logging.LoggingApplicationListener.onApplicationEnvironmentPreparedEvent(LoggingApplicationListener.java:228)
	at org.springframework.boot.context.logging.LoggingApplicationListener.onApplicationEvent(LoggingApplicationListener.java:201)
	at org.springframework.context.event.SimpleApplicationEventMulticaster.doInvokeListener(SimpleApplicationEventMulticaster.java:172)
	at org.springframework.context.event.SimpleApplicationEventMulticaster.invokeListener(SimpleApplicationEventMulticaster.java:165)
	at org.springframework.context.event.SimpleApplicationEventMulticaster.multicastEvent(SimpleApplicationEventMulticaster.java:139)
	at org.springframework.context.event.SimpleApplicationEventMulticaster.multicastEvent(SimpleApplicationEventMulticaster.java:127)
	at org.springframework.boot.context.event.EventPublishingRunListener.environmentPrepared(EventPublishingRunListener.java:75)
	at org.springframework.boot.SpringApplicationRunListeners.environmentPrepared(SpringApplicationRunListeners.java:54)
	at org.springframework.boot.SpringApplication.prepareEnvironment(SpringApplication.java:347)
	at org.springframework.boot.SpringApplication.run(SpringApplication.java:306)
	at org.springframework.boot.SpringApplication.run(SpringApplication.java:1260)
	at org.springframework.boot.SpringApplication.run(SpringApplication.java:1248)
	at com.yonyou.ucf.mdf.MDFApplication.main(MDFApplication.java:44)
	at sun.reflect.NativeMethodAccessorImpl.invoke0(Native Method)
	at sun.reflect.NativeMethodAccessorImpl.invoke(NativeMethodAccessorImpl.java:62)
	at sun.reflect.DelegatingMethodAccessorImpl.invoke(DelegatingMethodAccessorImpl.java:43)
	at java.lang.reflect.Method.invoke(Method.java:498)
	at com.intellij.rt.execution.CommandLineWrapper.main(CommandLineWrapper.java:66)
Caused by: java.lang.IllegalStateException: Logback configuration error detected: 
ERROR in ch.qos.logback.core.joran.spi.Interpreter@5:92 - RuntimeException in Action for tag [springProperty] java.lang.IllegalArgumentException: Could not resolve placeholder 'env' in value "${env}"
ERROR in ch.qos.logback.core.joran.spi.Interpreter@6:102 - RuntimeException in Action for tag [springProperty] java.lang.IllegalArgumentException: Could not resolve placeholder 'code' in value "${code}"
	at org.springframework.boot.logging.logback.LogbackLoggingSystem.loadConfiguration(LogbackLoggingSystem.java:169)
	at org.springframework.boot.logging.AbstractLoggingSystem.initializeWithSpecificConfig(AbstractLoggingSystem.java:67)
	at org.springframework.boot.logging.AbstractLoggingSystem.initialize(AbstractLoggingSystem.java:57)
	at org.springframework.boot.logging.logback.LogbackLoggingSystem.initialize(LogbackLoggingSystem.java:117)
	at org.springframework.boot.context.logging.LoggingApplicationListener.initializeSystem(LoggingApplicationListener.java:297)
	... 19 common frames omitted

